{"D:\\Projects\\Home\\tdd-training\\spec\\hello-spec.js":{"path":"D:\\Projects\\Home\\tdd-training\\spec\\hello-spec.js","s":{"1":1,"2":0,"3":0,"4":0,"5":0},"b":{},"f":{"1":0,"2":0,"3":0},"fnMap":{"1":{"name":"(anonymous_1)","line":1,"loc":{"start":{"line":1,"column":23},"end":{"line":1,"column":33}}},"2":{"name":"(anonymous_2)","line":2,"loc":{"start":{"line":2,"column":7},"end":{"line":2,"column":17}}},"3":{"name":"(anonymous_3)","line":3,"loc":{"start":{"line":3,"column":7},"end":{"line":3,"column":17}}}},"statementMap":{"1":{"start":{"line":1,"column":0},"end":{"line":4,"column":3}},"2":{"start":{"line":2,"column":2},"end":{"line":2,"column":49}},"3":{"start":{"line":2,"column":19},"end":{"line":2,"column":45}},"4":{"start":{"line":3,"column":2},"end":{"line":3,"column":68}},"5":{"start":{"line":3,"column":19},"end":{"line":3,"column":64}}},"branchMap":{}}}